0.14507169
0.75150668
-0.040687446
-0.36720202
0.21978941
1.3350295
0.10031059
0.60267317
0.97978185
1.5035715
0.46869001
0.4038578
1.1164848
1.6770004
0.98568487
0.47389073
0.041991747
-0.11568
0.50792099
1.0872361
0.67685449
0.34668295
1.1527952
0.74001176
1.0928841
0.86239757
1.6537119
0.098125376
1.7922534
0.33889407
0.6189135
0.58888282
0.41061686
1.1863258
0.82620148
0.036866154
0.91455561
0.56397963
0.39725214
-0.021015624
0.28159867
0.87672684
-0.70299209
0.9231271
0.66572112
1.036763
0.92492689
0.26573202
0.50808494
-0.027429435
0.10296015
2.3133849
-0.058966224
0.9235585
0.46382971
0.36220563
-0.48733616
-0.48554359
0.94937155
0.12045343
0.58351162
0.48001292
0.81943161
0.75715759
1.1656246
0.42675182
0.19593885
0.62675944
0.32157649
0.99767764
1.141284
0.28738787
-0.42888931
1.5710692
0.70182819
1.3078061
0.58441407
1.5433319
1.2309397
0.35374429
0.61867722
0.49463692
0.074191655
0.660612
1.068286
0.11437423
0.23806283
1.1676984
0.16724147
0.4940282
0.46220171
0.044516379
-0.17778833
1.4356662
0.2792759
0.40645256
0.84248647
0.62771891
-0.0072146381
1.7005781
0.57462566
0.54414062
0.95177693
0.20276729
0.47427533
1.1082365
0.28881898
1.8119737
0.75660144
0.98901526
0.97438146
0.65236941
1.2932239
0.25469462
0.68843889
0.90777863
0.92851572
0.28303546
-0.32278471
1.2350366
0.51933019
2.0333144
0.33399151
-0.047635056
0.46050095
0.82791216
0.61805491
0.37822997
0.92781811
0.19531128
0.13706034
1.4059694
-0.83241546
0.26482311
0.69588406
0.0943213
-0.09486786
0.59034247
0.64657937
0.13223879
-0.008256929
1.0046897
-0.20627479
1.9068714
0.049862065
0.32946536
0.44423881
0.67643839
0.41942039
0.44802017
0.31974357
0.35348872
0.27594736
0.026199834
1.5763586
1.759136
0.17368188
-0.43249808
1.2551778
1.1024578
0.41548165
0.56686571
1.2186351
-0.51713202
0.97980502
0.34476671
0.64420506
0.48241331
-1.1604847
0.21239551
1.1138235
0.97564356
-0.030882028
-0.22106936
1.4893949
0.4652384
-0.35972636
0.26520362
-0.31947041
-0.29897756
0.24688796
-0.26357573
-0.4609924
0.61477865
0.25634183
0.26644956
1.0266351
0.72984231
-0.14894777
0.7227734
0.9963679
0.3178428
0.90056879
0.36599338
0.39060098
1.0266942
0.55562456
1.4373215
0.92744106
0.48003454
-1.8198002
-1.0515289
-0.23648307
-0.12082203
-1.2156054
0.30211544
-0.61500184
-0.82355717
0.13668431
-0.51066022
0.2231301
-0.84451313
-0.68155043
-0.89158118
-0.29632489
-1.4862307
-1.012586
-1.0790372
-0.57890276
-0.47462579
-0.99965521
0.27532526
-0.2092139
-0.044780827
-1.1173986
0.10296578
-1.5961428
-0.5910526
-0.40325459
-0.28888385
-1.3806367
-0.3128042
-0.75343209
-0.16811642
-0.49278575
-1.0289412
-0.50055672
-0.074545817
0.089213022
-0.78248081
0.12058796
-0.25744714
-0.67025443
-0.34405008
-0.60573418
-1.7976894
-0.16631634
-0.51552734
-0.48531047
-0.26401993
-0.93773397
-0.85474521
-0.89616194
-0.44288147
0.17273812
0.041845875
-1.1285648
-0.2607853
-0.31146241
-0.19689295
-0.60367601
-0.62713914
0.30750873
-1.3059869
-0.97954427
-0.10201192
-0.40852996
0.081873888
-0.35313929
-1.1261838
0.26636595
-1.4556327
-0.74723511
-0.68682078
-1.2566219
0.17972275
-1.2125784
-0.60545968
0.23548414
-0.32333654
-1.4721599
-0.21216133
-1.1421446
-0.46016264
-0.4362656
0.63171606
-0.18334013
-0.032722347
-0.51030157
-0.58371546
0.1986509
-0.97897547
-0.29654501
-1.0268684
-0.81947801
-0.4197186
0.042985583
-0.9181163
-1.0250217
-0.57970052
-1.0989611
-0.14842875
-1.0431929
-0.0039617642
-0.0013771216
-0.53435972
-0.82412741
0.16920767
0.035132034
-0.91998095
-0.41775175
-0.48541913
-0.63755463
-0.77861061
-0.22796763
-0.2298841
-1.1422539
-1.5876786
-1.0268193
-1.4417129
0.33040091
-0.69713314
-0.37706197
-0.40559469
-1.1242963
-0.55773147
-0.43868671
-0.98565869
-0.32085757
-0.075631787
-0.47264251
-0.72914517
-0.62695606
-0.47223603
-0.35345211
0.089034937
-0.30364526
-1.8207205
-0.79445105
-0.044342658
-0.19708019
-0.36003056
-0.04119031
-1.1844976
-0.14428154
-0.735347
-1.1580967
-0.83335266
-0.3935259
-0.081813743
0.48006153
-0.1007336
-0.12009237
-1.2299828
-0.042819178
-0.8788573
-0.20170491
-1.0274884
0.098102636
-0.53197752
-1.2098042
-1.4479131
-0.27457508
-0.32254259
-0.7417454
-1.1706447
0.16024932
-1.0207154
-1.2985832
-0.15565329
-0.5237131
-0.24449501
-0.25522264
-0.444655
0.12363821
-0.73191774
-0.24326039
-0.72284265
-1.0073621
-0.52150486
-0.46087153
-0.74585688
-0.94694023
0.064048769
-0.23839499
-0.49877543
-1.4125787
-0.68666738
0.35374012
-1.2212424
0.510397
-0.25809732
0.89355197
-0.41199365
-1.4701825
-0.78603379
-0.13131988
0.18679804
0.67430399
0.12813946
